26   INFO  [main] Log5J : ***  35.7244  ***  **********************************************************
26   INFO  [main] Log5J : ***  36.2568  ***  Logger configuration successful. Configuration file used: 
27   INFO  [main] Log5J : ***  36.3251  ***  C:\Infineon\AURIX-Studio-1.10.32\configuration\org.eclipse.osgi\398\0\.cp\lib\log4j.properties
27   INFO  [main] Log5J : ***  36.358  ***  **********************************************************
68   INFO  [main] ISysProductFactory : ***  77.9156  ***  Eclipse product full name: 'AURIX Development Studio'
68   INFO  [main] ISysProductFactory : ***  78.2481  ***  Found product: Name: 'com.infineon.aurix.buildsystem.aurixide', winIDEA package: 'winIDEA_IFX_ADS'
72   INFO  [main] CmdRunner : Running: 'C:\Users\Daniel\AppData\Local\iSYSTEM\b18\PackageManager.exe init --afr-path="C:\Infineon\AURIX-Studio-1.10.32\local_AFR" --owner="C:\Infineon\AURIX-Studio-1.10.32\AURIX-studio.exe"'
506  INFO  [main] CmdRunner : Operation finished in 434ms Return code: 0
507  INFO  [main] CmdRunner : Output: >>><<<
507  INFO  [main] CmdRunner : Running: 'C:\Users\Daniel\AppData\Local\iSYSTEM\b18\PackageManager.exe --version'
541  INFO  [main] CmdRunner : Operation finished in 34ms Return code: 0
541  INFO  [main] CmdRunner : Output: >>>9.21.345<<<
541  INFO  [main] WinIdeaUpdateManager : Package manager version 9.21.345
542  INFO  [main] WinIdeaUpdateManager : WinIdeaUpdateManager: initialization:
542  INFO  [main] WinIdeaUpdateManager :  - Product folder: C:\Infineon\AURIX-Studio-1.10.32
542  INFO  [main] WinIdeaUpdateManager :  - Product exe (owner): C:\Infineon\AURIX-Studio-1.10.32\AURIX-studio.exe
542  INFO  [main] WinIdeaUpdateManager :  - Package manager: C:\Users\Daniel\AppData\Local\iSYSTEM\b18\PackageManager.exe
542  INFO  [main] WinIdeaUpdateManager :  - Local AFR: C:\Infineon\AURIX-Studio-1.10.32\local_AFR
542  INFO  [main] WinIdeaUpdateManager :  - Update channel: Production
550  INFO  [main] ISystemPreferences : ***  559.8095  ***  Preferences loaded: Install type: Custom, Custom path: '\winIDEA'
552  INFO  [main] ISysDebugPlugin : ***  561.4635  ***  Starting Plugin si.isystem.eclipse.debug version 921.38900.245076.
553  INFO  [main] ISysDebugPlugin : ***  562.7118  ***  Plugin si.isystem.eclipse.debug started.
104313 INFO  [main] ISysArtifactoryRepository : Is repository on mirror 1 site 'https://m1.247365bb.com/ftp/afrs' available: true
104313 INFO  [main] ISysArtifactoryRepository : Is repository on mirror 2 site 'https://m2.247365bb.com/ftp/afrs' available: true
104944 INFO  [main] IConDebuggerPage : ***  104953.7522  ***  
Opening winIDEA using launch configuration paramenters: 
 - Launch name = 'ZGW_APP TriCore Debug (TASKING)'
 - Project name = 'ZGW_APP'
 - Project path = 'C:/Users/Daniel/Desktop/ZGW_Repo/ZGW/ZGW_APP'
 - Output file = 'TriCore Debug (TASKING)/ZGW_APP.elf'
 - Stop on startup = 'true'
 - Stop on startup location = 'core0_main'
 - Verbose mode = false' - winIDEA visible = 'true'
 - Bring winIDEA to top = 'true'
 - Verify download = 'false'
 - Analyze source files = 'false'
 - Shutdown winIDEA at terminate session = 'false'
 - winIDEA workspace path = '.ads/winIDEAWorkspaces/TriCore-Debug-(TASKING)/ADS.xjrf'
 - full winIDEA workspace path = 'C:\Users\Daniel\Desktop\ZGW_Repo\ZGW\ZGW_APP\.ads\winIDEAWorkspaces\TriCore-Debug-(TASKING)\ADS.xjrf'
 - Device = 'TC375TP'
 - Hardware = 'IFX_DAS'
 - Communication = 'USB'
 - Hardware debugger = ''
 - Image check = 'Default'
 - Create SMP = 'true'
 - After download action = 'Address'
 - After download symbol = '0x80000000'

104948 INFO  [main] ISysSessionManager : ***  104957.2965  ***  Setting winIDEA workspace path to 'C:\Users\Daniel\Desktop\ZGW_Repo\ZGW\ZGW_APP\.ads\winIDEAWorkspaces\TriCore-Debug-(TASKING)\ADS.xjrf'
104950 INFO  [main] ISysSessionManager : ***  104959.2829  ***  Connecting to winIDEA 'C:\Infineon\AURIX-Studio-1.10.32\winIDEA\' with workspace 'C:\Users\Daniel\Desktop\ZGW_Repo\ZGW\ZGW_APP\.ads\winIDEAWorkspaces\TriCore-Debug-(TASKING)\ADS.xjrf', winIDEA-ID: 'com.tasking.winIDEA.instance.id-ZGW_APP TriCore Debug (TASKING)', visible: true, CLI args: '/HideCrashDumpMessage'
106985 INFO  [main] ISysSessionManager : ***  106994.7791  ***  Connected to winIDEA and setup workspace.
106986 INFO  [main] ISysSessionManager : ***  106995.8519  ***  Version of isystem.connect for Java: 9.21.389.0
106987 INFO  [main] ISysSessionManager : ***  106996.2406  ***  Version of isystem.connect DLL: 9.21.389.0.0
106987 INFO  [main] ISysSessionManager : ***  106996.5908  ***  Version of winIDEA: 9.21.387.0.244489
1841565 INFO  [Framework stop - Equinox Container: 887965f6-6558-4922-a70e-9bc35dc35287] ISysDebugPlugin : ***  1841575.6085  ***  Stopping Plugin si.isystem.eclipse.debug
1841569 INFO  [Framework stop - Equinox Container: 887965f6-6558-4922-a70e-9bc35dc35287] ISysDebugPlugin : ***  1841579.3258  ***  Plugin si.isystem.eclipse.debug stopped.
